<?xml version="1.0" encoding="UTF-8"?>
<!-- Generated by org.testng.reporters.JUnitXMLReporter -->
<testsuite hostname="Smi-Dell" ignored="0" name="Default test" tests="9" failures="0" timestamp="23 Oct 2018 20:27:05 GMT" time="171.886" errors="0">
  <testcase name="VerifyNewContactsLabelTest" time="0.101" classname="com.crm.qa.pageTest.contactsPageTest"/>
  <testcase name="addNewContactsTest" time="2.112" classname="com.crm.qa.pageTest.contactsPageTest"/>
  <testcase name="addNewContactsTest" time="2.884" classname="com.crm.qa.pageTest.contactsPageTest"/>
  <testcase name="addNewContactsTest" time="2.886" classname="com.crm.qa.pageTest.contactsPageTest"/>
  <testcase name="addNewContactsTest" time="2.367" classname="com.crm.qa.pageTest.contactsPageTest"/>
  <testcase name="verifySavedContactTest" time="7.559" classname="com.crm.qa.pageTest.contactsPageTest"/>
  <testcase name="verifySavedContactTest" time="2.04" classname="com.crm.qa.pageTest.contactsPageTest"/>
  <testcase name="verifySavedContactTest" time="7.358" classname="com.crm.qa.pageTest.contactsPageTest"/>
  <testcase name="verifySavedContactTest" time="2.026" classname="com.crm.qa.pageTest.contactsPageTest"/>
</testsuite> <!-- Default test -->
