<?xml version="1.0" encoding="UTF-8"?>
<testsuite name="TestSuite" time="32.432" tests="22" errors="0" skipped="0" failures="1">
  <properties>
[...]
</properties>
  <testcase name="clickCalendarPageTest" classname="com.crm.qa.pageTest.homePageTest" time="1.566"/>
  <testcase name="clickCasePageTest" classname="com.crm.qa.pageTest.homePageTest" time="1.192"/>
  <testcase name="clickCompanyPageTest" classname="com.crm.qa.pageTest.homePageTest" time="1.201"/>
  <testcase name="clickContactPagTest" classname="com.crm.qa.pageTest.homePageTest" time="1.06"/>
  <testcase name="clickDealsPageTest" classname="com.crm.qa.pageTest.homePageTest" time="1.387"/>
  <testcase name="clickTasksPageTest" classname="com.crm.qa.pageTest.homePageTest" time="2.66"/>
  <testcase name="validateLoginPageTitleTest" classname="com.crm.qa.pageTest.loginPageTest" time="0.05"/>
  <testcase name="verifyHomePageTitleTest" classname="com.crm.qa.pageTest.homePageTest" time="0.029"/>
  <testcase name="verifyCalenderWidgetTest" classname="com.crm.qa.pageTest.calendarPageTest" time="0.058"/>
  <testcase name="VerifyNewContactsLabelTest" classname="com.crm.qa.pageTest.contactsPageTest" time="0.085"/>
  <testcase name="validateCRMLogoImageTest" classname="com.crm.qa.pageTest.loginPageTest" time="0.097"/>
  <testcase name="verifyLoginUserTest" classname="com.crm.qa.pageTest.homePageTest" time="0.107"/>
  <testcase name="verifyDisplayedCurrentDateTest" classname="com.crm.qa.pageTest.calendarPageTest" time="1.001">
    <failure message="expected [October 23Today 2018] but found [October 24Today 2018]" type="java.lang.AssertionError">java.lang.AssertionError: expected [October 23Today 2018] but found [October 24Today 2018]
	at org.testng.Assert.fail(Assert.java:96)
	at org.testng.Assert.failNotEquals(Assert.java:776)
	at org.testng.Assert.assertEqualsImpl(Assert.java:137)
	at org.testng.Assert.assertEquals(Assert.java:118)
	at org.testng.Assert.assertEquals(Assert.java:453)
	at org.testng.Assert.assertEquals(Assert.java:463)
	at com.crm.qa.pageTest.calendarPageTest.verifyDisplayedCurrentDateTest(calendarPageTest.java:63)
</failure>
    <system-out>Before navigating to: 'https://www.freecrm.com/index.html'
Navigated to:'https://www.freecrm.com/index.html'
Trying to find Element By : By.name: username
Found Element By : By.name: username
Trying to find Element By : By.name: password
Found Element By : By.name: password
Trying to find Element By : By.xpath: //input[@value='Login']
Found Element By : By.xpath: //input[@value='Login']
Trying to find Element By : By.xpath: //a[@title='Calendar']
Found Element By : By.xpath: //a[@title='Calendar']
Trying to click on: [[ChromeDriver: chrome on XP (1caec47a4ca073079460153221f992b7)] -> xpath: //a[@title='Calendar']]
Clicked on: [[ChromeDriver: chrome on XP (1caec47a4ca073079460153221f992b7)] -> xpath: //a[@title='Calendar']]
Trying to find Element By : By.xpath: //select[@name='slctMonth']
Found Element By : By.xpath: //select[@name='slctMonth']
Trying to find Element By : By.tagName: option
Found Element By : By.tagName: option
Trying to find Element By : By.xpath: //select[@name='slctYear']
Found Element By : By.xpath: //select[@name='slctYear']
Trying to find Element By : By.tagName: option
Found Element By : By.tagName: option
Trying to find Element By : By.xpath: //td[@class='calendarselected']
Found Element By : By.xpath: //td[@class='calendarselected']
</system-out>
    <system-err>Starting ChromeDriver 2.41.578737 (49da6702b16031c40d63e5618de03a32ff6c197e) on port 6703
Only local connections are allowed.
Oct 23, 2018 6:03:51 PM org.openqa.selenium.remote.ProtocolHandshake createSession
INFO: Detected dialect: OSS
</system-err>
  </testcase>
  <testcase name="addNewContactsTest" classname="com.crm.qa.pageTest.contactsPageTest" time="2.556"/>
  <testcase name="addNewContactsTest" classname="com.crm.qa.pageTest.contactsPageTest" time="2.9"/>
  <testcase name="addNewContactsTest" classname="com.crm.qa.pageTest.contactsPageTest" time="2.123"/>
  <testcase name="addNewContactsTest" classname="com.crm.qa.pageTest.contactsPageTest" time="2.691"/>
  <testcase name="loginTest" classname="com.crm.qa.pageTest.loginPageTest" time="5.553"/>
  <testcase name="verifySavedContactTest" classname="com.crm.qa.pageTest.contactsPageTest" time="1.855"/>
  <testcase name="verifySavedContactTest" classname="com.crm.qa.pageTest.contactsPageTest" time="1.415"/>
  <testcase name="verifySavedContactTest" classname="com.crm.qa.pageTest.contactsPageTest" time="1.423"/>
  <testcase name="verifySavedContactTest" classname="com.crm.qa.pageTest.contactsPageTest" time="1.423"/>
</testsuite>