<?xml version="1.0" encoding="UTF-8"?>
<testsuite name="CRM TEST"
           tests="8"
           failures="0"
           errors="0"
           skipped="0"
           time="7.875">
  <properties />
  
  
            <testcase name="clickCompanyPageTest" time="1.514" classname="com.crm.qa.pageTest.homePageTest" />
                <testcase name="clickDealsPageTest" time="1.220" classname="com.crm.qa.pageTest.homePageTest" />
                <testcase name="clickContactPagTest" time="1.252" classname="com.crm.qa.pageTest.homePageTest" />
                <testcase name="clickCalendarPageTest" time="1.243" classname="com.crm.qa.pageTest.homePageTest" />
                <testcase name="clickCasePageTest" time="1.358" classname="com.crm.qa.pageTest.homePageTest" />
                <testcase name="verifyLoginUserTest" time="0.150" classname="com.crm.qa.pageTest.homePageTest" />
                <testcase name="verifyHomePageTitleTest" time="0.016" classname="com.crm.qa.pageTest.homePageTest" />
                <testcase name="clickTasksPageTest" time="1.122" classname="com.crm.qa.pageTest.homePageTest" />
      
</testsuite>
