<?xml version="1.0" encoding="UTF-8"?>
<!-- Generated by org.testng.reporters.JUnitXMLReporter -->
<testsuite hostname="Smi-Dell" ignored="0" name="CRM TEST" tests="22" failures="0" timestamp="23 Oct 2018 21:00:50 GMT" time="318.535" errors="0">
  <testcase name="clickCalendarPageTest" time="1.243" classname="com.crm.qa.pageTest.homePageTest"/>
  <testcase name="clickCasePageTest" time="1.358" classname="com.crm.qa.pageTest.homePageTest"/>
  <testcase name="clickCompanyPageTest" time="1.514" classname="com.crm.qa.pageTest.homePageTest"/>
  <testcase name="clickContactPagTest" time="1.252" classname="com.crm.qa.pageTest.homePageTest"/>
  <testcase name="clickDealsPageTest" time="1.22" classname="com.crm.qa.pageTest.homePageTest"/>
  <testcase name="clickTasksPageTest" time="1.122" classname="com.crm.qa.pageTest.homePageTest"/>
  <testcase name="validateLoginPageTitleTest" time="0.056" classname="com.crm.qa.pageTest.loginPageTest"/>
  <testcase name="verifyHomePageTitleTest" time="0.016" classname="com.crm.qa.pageTest.homePageTest"/>
  <testcase name="verifyCalenderWidgetTest" time="0.047" classname="com.crm.qa.pageTest.calendarPageTest"/>
  <testcase name="VerifyNewContactsLabelTest" time="0.041" classname="com.crm.qa.pageTest.contactsPageTest"/>
  <testcase name="validateCRMLogoImageTest" time="0.075" classname="com.crm.qa.pageTest.loginPageTest"/>
  <testcase name="verifyLoginUserTest" time="0.15" classname="com.crm.qa.pageTest.homePageTest"/>
  <testcase name="verifyDisplayedCurrentDateTest" time="0.513" classname="com.crm.qa.pageTest.calendarPageTest"/>
  <testcase name="addNewContactsTest" time="1.898" classname="com.crm.qa.pageTest.contactsPageTest"/>
  <testcase name="addNewContactsTest" time="2.993" classname="com.crm.qa.pageTest.contactsPageTest"/>
  <testcase name="addNewContactsTest" time="2.259" classname="com.crm.qa.pageTest.contactsPageTest"/>
  <testcase name="addNewContactsTest" time="1.974" classname="com.crm.qa.pageTest.contactsPageTest"/>
  <testcase name="loginTest" time="4.644" classname="com.crm.qa.pageTest.loginPageTest"/>
  <testcase name="verifySavedContactTest" time="2.192" classname="com.crm.qa.pageTest.contactsPageTest"/>
  <testcase name="verifySavedContactTest" time="1.668" classname="com.crm.qa.pageTest.contactsPageTest"/>
  <testcase name="verifySavedContactTest" time="2.122" classname="com.crm.qa.pageTest.contactsPageTest"/>
  <testcase name="verifySavedContactTest" time="1.423" classname="com.crm.qa.pageTest.contactsPageTest"/>
</testsuite> <!-- CRM TEST -->
